2014-09-30 21:19:30 - 21:19:30: 0kb       09-30 20:14         tmp/ro_cells__preload__server__restart_event.log
2014-09-30 21:19:30 - 21:19:30: 0kb       09-30 20:15         tmp/ro_cells__preload__server__handle_request_event.log
2014-09-30 21:19:30 - 21:19:30: 6kb       09-30 21:19         tmp/ro_cells__preload__listener__handle_changed_files_event.log
2014-09-30 21:19:30 - 21:19:30: 12kb      09-30 21:19         tmp/ro_err.log
2014-09-30 21:19:30 - 21:19:30: 13kb      09-30 21:19         tmp/ro_cells__preload__server__handle_request_err.log
2014-09-30 21:19:30 - 21:19:30: 6kb       09-30 21:19         tmp/ro_cells__preload__server__start_event.log
2014-09-30 21:19:30 - 21:19:30: 95kb      09-30 21:19         tmp/ro.log
2014-09-30 21:19:30 - 21:19:30: 53kb      09-30 21:19         tmp/preload/client.log
2014-10-18 15:37:11 - 15:37:11: /home/roroco/Dropbox/jvs/ro_code    ---- pjs.rb:87
2014-10-18 15:38:22 - 15:38:22: /home/roroco/Dropbox/jvs/ro_j_code    ---- pjs.rb:87
2014-10-18 15:39:24 - 15:39:24: /home/roroco/Dropbox/jvs/ro_j_plans    ---- pjs.rb:87
2014-10-18 15:39:57 - 15:39:57: /home/roroco/Dropbox/jvs/ro_j_code    ---- pjs.rb:87
2014-10-18 15:48:47 - 15:48:47: pwd is /home/roroco/Dropbox/rbs/ro_r4py ---- try.rb:22
2014-10-18 15:51:58 - 15:51:58: set route RoCells::Pl2::Sv::App.route post /ro ---- sv.rb:110
2014-10-19 10:58:33 - 10:58:33: /home/roroco/Dropbox/rbs/ro_r4py    ---- pjs.rb:92
2014-10-19 16:01:00 - 16:01:00: warning  not found match proj dir with kw:kivys ---- pjs.rb:97
2014-10-19 16:01:03 - 16:01:03: warning  not found match proj dir with kw:kivys ---- pjs.rb:97
2014-10-19 16:01:04 - 16:01:04: path:/home/roroco/Dropbox/pys/kivy  file:pjs.rb line:84 ---- pjs.rb:84
2014-10-19 16:44:24 - 16:44:24: warning  not found match proj dir with kw:p4a ---- pjs.rb:97
2014-10-19 17:11:09 - 17:11:09: warning  not found match proj dir with kw:p4a ---- pjs.rb:97
2014-10-19 17:11:11 - 17:11:11: /home/roroco/Dropbox/pys/python-for-android    ---- pjs.rb:92
2014-10-19 21:00:01 - 21:00:01: path:/home/roroco/Dropbox/pys/compass  file:pjs.rb line:84 ---- pjs.rb:84
2014-10-20 15:32:55 - 15:32:55: /home/roroco/Dropbox/rbs/ro_r4j    ---- pjs.rb:92
